<?xml version="1.0" encoding="UTF-8"?>
<!-- Generated by org.testng.reporters.JUnitXMLReporter -->
<testsuite ignored="0" hostname="Promptora27" failures="0" tests="3" name="Test-2" time="148.43" errors="0" timestamp="2024-11-24T09:57:49 IST">
  <testcase classname="com.pack.testsuite.GeneralStore" name="GeneralStoretest" time="31.589"/>
  <testcase classname="com.pack.testsuite.GeneralStore" name="GeneralStoretest" time="19.247"/>
  <testcase classname="com.pack.testsuite.GeneralStore" name="GeneralStoretest" time="29.809"/>
</testsuite> <!-- Test-2 -->
