<?xml version="1.0" encoding="UTF-8"?>
<!-- Generated by org.testng.reporters.JUnitXMLReporter -->
<testsuite ignored="0" hostname="Promptora27" failures="0" tests="3" name="Test-1" time="121.911" errors="0" timestamp="2024-11-24T09:57:23 IST">
  <testcase classname="com.pack.testsuite.GeneralStore" name="GeneralStoretest" time="29.487"/>
  <testcase classname="com.pack.testsuite.GeneralStore" name="GeneralStoretest" time="14.1"/>
  <testcase classname="com.pack.testsuite.GeneralStore" name="GeneralStoretest" time="26.6"/>
</testsuite> <!-- Test-1 -->
