<?xml version="1.0" encoding="UTF-8"?>
<!-- Generated by org.testng.reporters.JUnitXMLReporter -->
<testsuite ignored="0" hostname="Promptora27" failures="0" tests="3" name="Test-0" time="130.078" errors="0" timestamp="2024-11-24T09:57:31 IST">
  <testcase classname="com.pack.testsuite.GeneralStore" name="GeneralStoretest" time="30.658"/>
  <testcase classname="com.pack.testsuite.GeneralStore" name="GeneralStoretest" time="17.308"/>
  <testcase classname="com.pack.testsuite.GeneralStore" name="GeneralStoretest" time="30.235"/>
</testsuite> <!-- Test-0 -->
