<?xml version="1.0" encoding="UTF-8"?>
<testsuite xmlns:xsi="http://www.w3.org/2001/XMLSchema-instance" xsi:noNamespaceSchemaLocation="https://maven.apache.org/surefire/maven-surefire-plugin/xsd/surefire-test-report-3.0.xsd" version="3.0" name="TestSuite" time="150.371" tests="9" errors="0" skipped="0" failures="0">
  <properties>
    <property name="java.specification.version" value="17"/>
    <property name="sun.cpu.isalist" value="amd64"/>
    <property name="sun.jnu.encoding" value="Cp1252"/>
    <property name="java.class.path" value="C:\Users\promp\OneDrive\Documents\Appium1stBatch\APPIUMSCRIPTS\target\test-classes;C:\Users\promp\OneDrive\Documents\Appium1stBatch\APPIUMSCRIPTS\target\classes;C:\Users\promp\.m2\repository\io\appium\java-client\9.3.0\java-client-9.3.0.jar;C:\Users\promp\.m2\repository\org\seleniumhq\selenium\selenium-api\4.26.0\selenium-api-4.26.0.jar;C:\Users\promp\.m2\repository\org\jspecify\jspecify\1.0.0\jspecify-1.0.0.jar;C:\Users\promp\.m2\repository\org\seleniumhq\selenium\selenium-remote-driver\4.26.0\selenium-remote-driver-4.26.0.jar;C:\Users\promp\.m2\repository\com\google\auto\service\auto-service-annotations\1.1.1\auto-service-annotations-1.1.1.jar;C:\Users\promp\.m2\repository\com\google\guava\guava\33.3.1-jre\guava-33.3.1-jre.jar;C:\Users\promp\.m2\repository\com\google\guava\failureaccess\1.0.2\failureaccess-1.0.2.jar;C:\Users\promp\.m2\repository\com\google\guava\listenablefuture\9999.0-empty-to-avoid-conflict-with-guava\listenablefuture-9999.0-empty-to-avoid-conflict-with-guava.jar;C:\Users\promp\.m2\repository\com\google\code\findbugs\jsr305\3.0.2\jsr305-3.0.2.jar;C:\Users\promp\.m2\repository\org\checkerframework\checker-qual\3.43.0\checker-qual-3.43.0.jar;C:\Users\promp\.m2\repository\com\google\j2objc\j2objc-annotations\3.0.0\j2objc-annotations-3.0.0.jar;C:\Users\promp\.m2\repository\io\opentelemetry\semconv\opentelemetry-semconv\1.25.0-alpha\opentelemetry-semconv-1.25.0-alpha.jar;C:\Users\promp\.m2\repository\io\opentelemetry\opentelemetry-api\1.43.0\opentelemetry-api-1.43.0.jar;C:\Users\promp\.m2\repository\io\opentelemetry\opentelemetry-context\1.43.0\opentelemetry-context-1.43.0.jar;C:\Users\promp\.m2\repository\io\opentelemetry\opentelemetry-exporter-logging\1.43.0\opentelemetry-exporter-logging-1.43.0.jar;C:\Users\promp\.m2\repository\io\opentelemetry\opentelemetry-sdk-common\1.43.0\opentelemetry-sdk-common-1.43.0.jar;C:\Users\promp\.m2\repository\io\opentelemetry\opentelemetry-sdk-extension-autoconfigure-spi\1.43.0\opentelemetry-sdk-extension-autoconfigure-spi-1.43.0.jar;C:\Users\promp\.m2\repository\io\opentelemetry\opentelemetry-sdk-extension-autoconfigure\1.43.0\opentelemetry-sdk-extension-autoconfigure-1.43.0.jar;C:\Users\promp\.m2\repository\io\opentelemetry\opentelemetry-api-incubator\1.43.0-alpha\opentelemetry-api-incubator-1.43.0-alpha.jar;C:\Users\promp\.m2\repository\io\opentelemetry\opentelemetry-sdk-trace\1.43.0\opentelemetry-sdk-trace-1.43.0.jar;C:\Users\promp\.m2\repository\io\opentelemetry\opentelemetry-sdk\1.43.0\opentelemetry-sdk-1.43.0.jar;C:\Users\promp\.m2\repository\io\opentelemetry\opentelemetry-sdk-metrics\1.43.0\opentelemetry-sdk-metrics-1.43.0.jar;C:\Users\promp\.m2\repository\io\opentelemetry\opentelemetry-sdk-logs\1.43.0\opentelemetry-sdk-logs-1.43.0.jar;C:\Users\promp\.m2\repository\net\bytebuddy\byte-buddy\1.15.7\byte-buddy-1.15.7.jar;C:\Users\promp\.m2\repository\org\seleniumhq\selenium\selenium-http\4.26.0\selenium-http-4.26.0.jar;C:\Users\promp\.m2\repository\dev\failsafe\failsafe\3.3.2\failsafe-3.3.2.jar;C:\Users\promp\.m2\repository\org\seleniumhq\selenium\selenium-json\4.26.0\selenium-json-4.26.0.jar;C:\Users\promp\.m2\repository\org\seleniumhq\selenium\selenium-manager\4.26.0\selenium-manager-4.26.0.jar;C:\Users\promp\.m2\repository\org\seleniumhq\selenium\selenium-os\4.26.0\selenium-os-4.26.0.jar;C:\Users\promp\.m2\repository\org\apache\commons\commons-exec\1.4.0\commons-exec-1.4.0.jar;C:\Users\promp\.m2\repository\org\seleniumhq\selenium\selenium-support\4.26.0\selenium-support-4.26.0.jar;C:\Users\promp\.m2\repository\com\google\code\gson\gson\2.11.0\gson-2.11.0.jar;C:\Users\promp\.m2\repository\com\google\errorprone\error_prone_annotations\2.27.0\error_prone_annotations-2.27.0.jar;C:\Users\promp\.m2\repository\org\slf4j\slf4j-api\2.0.13\slf4j-api-2.0.13.jar;C:\Users\promp\.m2\repository\org\testng\testng\7.7.0\testng-7.7.0.jar;C:\Users\promp\.m2\repository\com\beust\jcommander\1.82\jcommander-1.82.jar;C:\Users\promp\.m2\repository\org\webjars\jquery\3.6.1\jquery-3.6.1.jar;C:\Users\promp\.m2\repository\com\fasterxml\jackson\core\jackson-databind\2.18.1\jackson-databind-2.18.1.jar;C:\Users\promp\.m2\repository\com\fasterxml\jackson\core\jackson-annotations\2.18.1\jackson-annotations-2.18.1.jar;C:\Users\promp\.m2\repository\com\fasterxml\jackson\core\jackson-core\2.18.1\jackson-core-2.18.1.jar;C:\Users\promp\.m2\repository\commons-io\commons-io\2.17.0\commons-io-2.17.0.jar;C:\Users\promp\.m2\repository\com\aventstack\extentreports\5.1.2\extentreports-5.1.2.jar;C:\Users\promp\.m2\repository\io\reactivex\rxjava3\rxjava\3.1.6\rxjava-3.1.6.jar;C:\Users\promp\.m2\repository\org\reactivestreams\reactive-streams\1.0.4\reactive-streams-1.0.4.jar;C:\Users\promp\.m2\repository\org\freemarker\freemarker\2.3.32\freemarker-2.3.32.jar;C:\Users\promp\.m2\repository\org\projectlombok\lombok\1.18.26\lombok-1.18.26.jar;C:\Users\promp\.m2\repository\org\seleniumhq\selenium\selenium-java\4.26.0\selenium-java-4.26.0.jar;C:\Users\promp\.m2\repository\org\seleniumhq\selenium\selenium-chrome-driver\4.26.0\selenium-chrome-driver-4.26.0.jar;C:\Users\promp\.m2\repository\org\seleniumhq\selenium\selenium-chromium-driver\4.26.0\selenium-chromium-driver-4.26.0.jar;C:\Users\promp\.m2\repository\org\seleniumhq\selenium\selenium-devtools-v128\4.26.0\selenium-devtools-v128-4.26.0.jar;C:\Users\promp\.m2\repository\org\seleniumhq\selenium\selenium-devtools-v129\4.26.0\selenium-devtools-v129-4.26.0.jar;C:\Users\promp\.m2\repository\org\seleniumhq\selenium\selenium-devtools-v130\4.26.0\selenium-devtools-v130-4.26.0.jar;C:\Users\promp\.m2\repository\org\seleniumhq\selenium\selenium-devtools-v85\4.26.0\selenium-devtools-v85-4.26.0.jar;C:\Users\promp\.m2\repository\org\seleniumhq\selenium\selenium-edge-driver\4.26.0\selenium-edge-driver-4.26.0.jar;C:\Users\promp\.m2\repository\org\seleniumhq\selenium\selenium-firefox-driver\4.26.0\selenium-firefox-driver-4.26.0.jar;C:\Users\promp\.m2\repository\org\seleniumhq\selenium\selenium-ie-driver\4.26.0\selenium-ie-driver-4.26.0.jar;C:\Users\promp\.m2\repository\org\seleniumhq\selenium\selenium-safari-driver\4.26.0\selenium-safari-driver-4.26.0.jar;C:\Users\promp\.m2\repository\com\browserstack\browserstack-java-sdk\1.27.1\browserstack-java-sdk-1.27.1.jar;"/>
    <property name="java.vm.vendor" value="Oracle Corporation"/>
    <property name="cucumber.execution.parallel.config.fixed.parallelism" value="1"/>
    <property name="sun.arch.data.model" value="64"/>
    <property name="setupAndroidDriver@2" value="2"/>
    <property name="OBSERVABILITY_BUILD_HASHED_ID" value="y2qrecndpga4jncbi4xqfhi7wlt6tlqxpnzmyriu"/>
    <property name="user.variant" value=""/>
    <property name="java.vendor.url" value="https://java.oracle.com/"/>
    <property name="user.timezone" value="Asia/Calcutta"/>
    <property name="cucumber.execution.parallel.enabled" value="true"/>
    <property name="setupAndroidDriver@0" value="0"/>
    <property name="setupAndroidDriver@1" value="1"/>
    <property name="java.vm.specification.version" value="17"/>
    <property name="os.name" value="Windows 11"/>
    <property name="junit.jupiter.execution.parallel.config.fixed.max-pool-size" value="1"/>
    <property name="sun.java.launcher" value="SUN_STANDARD"/>
    <property name="user.country" value="IN"/>
    <property name="sun.boot.library.path" value="C:\Program Files\Java\jdk-17\bin"/>
    <property name="OBSERVABILITY_ALLOW_SCREENSHOTS" value="true"/>
    <property name="sun.java.command" value="C:\Users\promp\AppData\Local\Temp\surefire17862354501581753742\surefirebooter-20241124095455352_3.jar C:\Users\promp\AppData\Local\Temp\surefire17862354501581753742 2024-11-24T09-54-55_037-jvmRun1 surefire-20241124095455352_1tmp surefire_0-20241124095455352_2tmp"/>
    <property name="BROWSERSTACK_TESTHUB_JWT" value="eyJhbGciOiJIUzI1NiJ9.eyJpc3MiOiJicm93c2Vyc3RhY2tfb2IiLCJzdWIiOiI2MDgyNzk0IiwiZ3JvdXBfaWQiOjYwMDE5OTYsInVzZXJfaWQiOjYwODI3OTQsImJ1aWxkX2hhc2hlZF9pZCI6InkycXJlY25kcGdhNGpuY2JpNHhxZmhpN3dsdDZ0bHF4cG56bXlyaXUiLCJwcm9qZWN0X25hbWUiOiJCcm93c2VyU3RhY2sgU2FtcGxlIiwiaG9va19hc190ZXN0IjoiMSIsImJ1aWxkX25hbWUiOiJicm93c2Vyc3RhY2sgYnVpbGQiLCJwcm9kdWN0X21hcCI6IntcIm9ic2VydmFiaWxpdHlcIjp0cnVlLFwib3JpZ2luRnJvbVByb2R1Y3RNYXBcIjpcIkFwcEF1dG9tYXRlXCIsXCJic3RhY2tBdXRvbWF0aW9uXCI6dHJ1ZSxcInByb2R1Y3RGaWx0ZXJTb3VyY2VcIjp0cnVlLFwiY2FkXCI6dHJ1ZSxcImFwcF9hdXRvbWF0ZVwiOnRydWV9IiwiZ3JyX3JlZ2lvbiI6IiIsInNpZ25pbmdfa2V5X2hhc2giOiI3ZGY2ZTY4M2M2NzA5MWI2YmNhYjQ5NWUzZjdmMmFhMTY5Yzc1ZjMxZmJhZmE1MGY0NzAyNGM4MWI5ZTcwNTNkIiwiaWF0IjoxNzMyNDIyMzEyLCJleHAiOjE3MzI3Njc5MTJ9.cqg8brabUyorFV_89s4Jitc50Wy-fldOmD3F9o_BpAs"/>
    <property name="jdk.debug" value="release"/>
    <property name="surefire.test.class.path" value="C:\Users\promp\OneDrive\Documents\Appium1stBatch\APPIUMSCRIPTS\target\test-classes;C:\Users\promp\OneDrive\Documents\Appium1stBatch\APPIUMSCRIPTS\target\classes;C:\Users\promp\.m2\repository\io\appium\java-client\9.3.0\java-client-9.3.0.jar;C:\Users\promp\.m2\repository\org\seleniumhq\selenium\selenium-api\4.26.0\selenium-api-4.26.0.jar;C:\Users\promp\.m2\repository\org\jspecify\jspecify\1.0.0\jspecify-1.0.0.jar;C:\Users\promp\.m2\repository\org\seleniumhq\selenium\selenium-remote-driver\4.26.0\selenium-remote-driver-4.26.0.jar;C:\Users\promp\.m2\repository\com\google\auto\service\auto-service-annotations\1.1.1\auto-service-annotations-1.1.1.jar;C:\Users\promp\.m2\repository\com\google\guava\guava\33.3.1-jre\guava-33.3.1-jre.jar;C:\Users\promp\.m2\repository\com\google\guava\failureaccess\1.0.2\failureaccess-1.0.2.jar;C:\Users\promp\.m2\repository\com\google\guava\listenablefuture\9999.0-empty-to-avoid-conflict-with-guava\listenablefuture-9999.0-empty-to-avoid-conflict-with-guava.jar;C:\Users\promp\.m2\repository\com\google\code\findbugs\jsr305\3.0.2\jsr305-3.0.2.jar;C:\Users\promp\.m2\repository\org\checkerframework\checker-qual\3.43.0\checker-qual-3.43.0.jar;C:\Users\promp\.m2\repository\com\google\j2objc\j2objc-annotations\3.0.0\j2objc-annotations-3.0.0.jar;C:\Users\promp\.m2\repository\io\opentelemetry\semconv\opentelemetry-semconv\1.25.0-alpha\opentelemetry-semconv-1.25.0-alpha.jar;C:\Users\promp\.m2\repository\io\opentelemetry\opentelemetry-api\1.43.0\opentelemetry-api-1.43.0.jar;C:\Users\promp\.m2\repository\io\opentelemetry\opentelemetry-context\1.43.0\opentelemetry-context-1.43.0.jar;C:\Users\promp\.m2\repository\io\opentelemetry\opentelemetry-exporter-logging\1.43.0\opentelemetry-exporter-logging-1.43.0.jar;C:\Users\promp\.m2\repository\io\opentelemetry\opentelemetry-sdk-common\1.43.0\opentelemetry-sdk-common-1.43.0.jar;C:\Users\promp\.m2\repository\io\opentelemetry\opentelemetry-sdk-extension-autoconfigure-spi\1.43.0\opentelemetry-sdk-extension-autoconfigure-spi-1.43.0.jar;C:\Users\promp\.m2\repository\io\opentelemetry\opentelemetry-sdk-extension-autoconfigure\1.43.0\opentelemetry-sdk-extension-autoconfigure-1.43.0.jar;C:\Users\promp\.m2\repository\io\opentelemetry\opentelemetry-api-incubator\1.43.0-alpha\opentelemetry-api-incubator-1.43.0-alpha.jar;C:\Users\promp\.m2\repository\io\opentelemetry\opentelemetry-sdk-trace\1.43.0\opentelemetry-sdk-trace-1.43.0.jar;C:\Users\promp\.m2\repository\io\opentelemetry\opentelemetry-sdk\1.43.0\opentelemetry-sdk-1.43.0.jar;C:\Users\promp\.m2\repository\io\opentelemetry\opentelemetry-sdk-metrics\1.43.0\opentelemetry-sdk-metrics-1.43.0.jar;C:\Users\promp\.m2\repository\io\opentelemetry\opentelemetry-sdk-logs\1.43.0\opentelemetry-sdk-logs-1.43.0.jar;C:\Users\promp\.m2\repository\net\bytebuddy\byte-buddy\1.15.7\byte-buddy-1.15.7.jar;C:\Users\promp\.m2\repository\org\seleniumhq\selenium\selenium-http\4.26.0\selenium-http-4.26.0.jar;C:\Users\promp\.m2\repository\dev\failsafe\failsafe\3.3.2\failsafe-3.3.2.jar;C:\Users\promp\.m2\repository\org\seleniumhq\selenium\selenium-json\4.26.0\selenium-json-4.26.0.jar;C:\Users\promp\.m2\repository\org\seleniumhq\selenium\selenium-manager\4.26.0\selenium-manager-4.26.0.jar;C:\Users\promp\.m2\repository\org\seleniumhq\selenium\selenium-os\4.26.0\selenium-os-4.26.0.jar;C:\Users\promp\.m2\repository\org\apache\commons\commons-exec\1.4.0\commons-exec-1.4.0.jar;C:\Users\promp\.m2\repository\org\seleniumhq\selenium\selenium-support\4.26.0\selenium-support-4.26.0.jar;C:\Users\promp\.m2\repository\com\google\code\gson\gson\2.11.0\gson-2.11.0.jar;C:\Users\promp\.m2\repository\com\google\errorprone\error_prone_annotations\2.27.0\error_prone_annotations-2.27.0.jar;C:\Users\promp\.m2\repository\org\slf4j\slf4j-api\2.0.13\slf4j-api-2.0.13.jar;C:\Users\promp\.m2\repository\org\testng\testng\7.7.0\testng-7.7.0.jar;C:\Users\promp\.m2\repository\com\beust\jcommander\1.82\jcommander-1.82.jar;C:\Users\promp\.m2\repository\org\webjars\jquery\3.6.1\jquery-3.6.1.jar;C:\Users\promp\.m2\repository\com\fasterxml\jackson\core\jackson-databind\2.18.1\jackson-databind-2.18.1.jar;C:\Users\promp\.m2\repository\com\fasterxml\jackson\core\jackson-annotations\2.18.1\jackson-annotations-2.18.1.jar;C:\Users\promp\.m2\repository\com\fasterxml\jackson\core\jackson-core\2.18.1\jackson-core-2.18.1.jar;C:\Users\promp\.m2\repository\commons-io\commons-io\2.17.0\commons-io-2.17.0.jar;C:\Users\promp\.m2\repository\com\aventstack\extentreports\5.1.2\extentreports-5.1.2.jar;C:\Users\promp\.m2\repository\io\reactivex\rxjava3\rxjava\3.1.6\rxjava-3.1.6.jar;C:\Users\promp\.m2\repository\org\reactivestreams\reactive-streams\1.0.4\reactive-streams-1.0.4.jar;C:\Users\promp\.m2\repository\org\freemarker\freemarker\2.3.32\freemarker-2.3.32.jar;C:\Users\promp\.m2\repository\org\projectlombok\lombok\1.18.26\lombok-1.18.26.jar;C:\Users\promp\.m2\repository\org\seleniumhq\selenium\selenium-java\4.26.0\selenium-java-4.26.0.jar;C:\Users\promp\.m2\repository\org\seleniumhq\selenium\selenium-chrome-driver\4.26.0\selenium-chrome-driver-4.26.0.jar;C:\Users\promp\.m2\repository\org\seleniumhq\selenium\selenium-chromium-driver\4.26.0\selenium-chromium-driver-4.26.0.jar;C:\Users\promp\.m2\repository\org\seleniumhq\selenium\selenium-devtools-v128\4.26.0\selenium-devtools-v128-4.26.0.jar;C:\Users\promp\.m2\repository\org\seleniumhq\selenium\selenium-devtools-v129\4.26.0\selenium-devtools-v129-4.26.0.jar;C:\Users\promp\.m2\repository\org\seleniumhq\selenium\selenium-devtools-v130\4.26.0\selenium-devtools-v130-4.26.0.jar;C:\Users\promp\.m2\repository\org\seleniumhq\selenium\selenium-devtools-v85\4.26.0\selenium-devtools-v85-4.26.0.jar;C:\Users\promp\.m2\repository\org\seleniumhq\selenium\selenium-edge-driver\4.26.0\selenium-edge-driver-4.26.0.jar;C:\Users\promp\.m2\repository\org\seleniumhq\selenium\selenium-firefox-driver\4.26.0\selenium-firefox-driver-4.26.0.jar;C:\Users\promp\.m2\repository\org\seleniumhq\selenium\selenium-ie-driver\4.26.0\selenium-ie-driver-4.26.0.jar;C:\Users\promp\.m2\repository\org\seleniumhq\selenium\selenium-safari-driver\4.26.0\selenium-safari-driver-4.26.0.jar;C:\Users\promp\.m2\repository\com\browserstack\browserstack-java-sdk\1.27.1\browserstack-java-sdk-1.27.1.jar;"/>
    <property name="sun.cpu.endian" value="little"/>
    <property name="user.home" value="C:\Users\promp"/>
    <property name="user.language" value="en"/>
    <property name="java.specification.vendor" value="Oracle Corporation"/>
    <property name="java.version.date" value="2024-07-16"/>
    <property name="java.home" value="C:\Program Files\Java\jdk-17"/>
    <property name="junit.jupiter.execution.parallel.mode.default" value="same_thread"/>
    <property name="file.separator" value="\"/>
    <property name="basedir" value="C:\Users\promp\OneDrive\Documents\Appium1stBatch\APPIUMSCRIPTS"/>
    <property name="java.vm.compressedOopsMode" value="Zero based"/>
    <property name="line.separator" value="&#10;"/>
    <property name="java.vm.specification.vendor" value="Oracle Corporation"/>
    <property name="java.specification.name" value="Java Platform API Specification"/>
    <property name="surefire.real.class.path" value="C:\Users\promp\AppData\Local\Temp\surefire17862354501581753742\surefirebooter-20241124095455352_3.jar"/>
    <property name="user.script" value=""/>
    <property name="sun.management.compiler" value="HotSpot 64-Bit Tiered Compilers"/>
    <property name="java.runtime.version" value="17.0.12+8-LTS-286"/>
    <property name="user.name" value="promp"/>
    <property name="path.separator" value=";"/>
    <property name="os.version" value="10.0"/>
    <property name="java.runtime.name" value="Java(TM) SE Runtime Environment"/>
    <property name="file.encoding" value="Cp1252"/>
    <property name="junit.jupiter.execution.parallel.mode.classes.default" value="concurrent"/>
    <property name="junit.jupiter.execution.parallel.config.strategy" value="fixed"/>
    <property name="java.vm.name" value="Java HotSpot(TM) 64-Bit Server VM"/>
    <property name="junit.jupiter.execution.parallel.enabled" value="true"/>
    <property name="localRepository" value="C:\Users\promp\.m2\repository"/>
    <property name="java.vendor.url.bug" value="https://bugreport.java.com/bugreport/"/>
    <property name="java.io.tmpdir" value="C:\Users\promp\AppData\Local\Temp\"/>
    <property name="BROWSERSTACK_TESTHUB_UUID" value="y2qrecndpga4jncbi4xqfhi7wlt6tlqxpnzmyriu"/>
    <property name="java.version" value="17.0.12"/>
    <property name="user.dir" value="C:\Users\promp\OneDrive\Documents\Appium1stBatch\APPIUMSCRIPTS"/>
    <property name="os.arch" value="amd64"/>
    <property name="java.vm.specification.name" value="Java Virtual Machine Specification"/>
    <property name="sun.os.patch.level" value=""/>
    <property name="native.encoding" value="Cp1252"/>
    <property name="java.library.path" value="C:\Program Files\Java\jdk-17\bin;C:\windows\Sun\Java\bin;C:\windows\system32;C:\windows;C:\Program Files\Common Files\Oracle\Java\javapath;C:\windows\system32;C:\windows;C:\windows\System32\Wbem;C:\windows\System32\WindowsPowerShell\v1.0\;C:\windows\System32\OpenSSH\;C:\Program Files\nodejs\;C:\Users\promp\AppData\Local\Android\Sdk\platforms;C:\Users\promp\AppData\Local\Android\Sdk\platform-tools;C:\Users\promp\AppData\Local\Android\Sdk\build-tools;C:\Program Files\TortoiseGit\bin;C:\Program Files\apache-maven-3.9.9\bin;C:\Program Files\platform-tools;C:\android\cmdline-tools\latest\bin;C:\android\platform-tools;C:\android\build-tools;C:\Program Files\Microsoft VS Code\bin;C:\Program Files\Java\jdk-17\bin;C:\Program Files\Git\cmd;C:\Program Files\Common Files\Oracle\Java\javapath;C:\windows\system32;C:\windows;C:\windows\System32\Wbem;C:\windows\System32\WindowsPowerShell\v1.0\;C:\windows\System32\OpenSSH\;C:\Program Files\Java\jdk-21\lib;C:\Program Files\Java\jdk-21\bin;C:\Users\promp\Downloads\apache-maven-3.9.7-bin\apache-maven-3.9.7\lib;C:\Users\promp\Downloads\apache-maven-3.9.7-bin\apache-maven-3.9.7\bin;C:\Program Files\nodejs\;C:\Users\promp\AppData\Local\Android\Sdk\platforms;C:\Users\promp\AppData\Local\Android\Sdk\platform-tools;C:\Users\promp\AppData\Local\Android\Sdk\build-tools;C:\Program Files\Java\jdk-19\bin;C:\Users\promp\AppData\Local\Microsoft\WindowsApps;C:\Users\promp\AppData\Local\Microsoft\WinGet\Packages\Schniz.fnm_Microsoft.Winget.Source_8wekyb3d8bbwe;C:\Users\promp\AppData\Roaming\npm;C:\Users\promp\AppData\Local\Google\Cloud SDK\google-cloud-sdk\bin;C:\Users\promp\OneDrive\Documents\SDET_SeleniumScripts\Drivers;C:\Users\promp\AppData\Local\GitHubDesktop\bin;C:\Program Files (x86)\BrowserStackLocal\;."/>
    <property name="junit.jupiter.execution.parallel.config.fixed.parallelism" value="1"/>
    <property name="java.vm.info" value="mixed mode, sharing"/>
    <property name="java.vendor" value="Oracle Corporation"/>
    <property name="java.vm.version" value="17.0.12+8-LTS-286"/>
    <property name="cucumber.execution.execution-mode.feature" value="same_thread"/>
    <property name="cucumber.execution.parallel.config.strategy" value="fixed"/>
    <property name="sun.io.unicode.encoding" value="UnicodeLittle"/>
    <property name="java.class.version" value="61.0"/>
  </properties>
  <testcase name="GeneralStoretest[{name=Mounika, country=Denmark, gender=female}](1)" classname="com.pack.testsuite.GeneralStore" time="14.504">
    <system-out><![CDATA[Initializing ExtentReports...
ExtentReports initialized.
&amp#27;[38;5;112m[Appium]&amp#27;[0m Welcome to Appium v2.12.1
&amp#27;[38;5;112m[Appium]&amp#27;[0m Welcome to Appium v2.12.1
&amp#27;[38;5;112m[Appium]&amp#27;[0m Non-default server args:
&amp#27;[38;5;112m[Appium]&amp#27;[0m Welcome to Appium v2.12.1
&amp#27;[38;5;112m[Appium]&amp#27;[0m { address: &amp#27;[32m'127.0.0.1'&amp#27;[39m }
&amp#27;[38;5;112m[Appium]&amp#27;[0m The autodetected Appium home path: C:\Users\promp\.appium
&amp#27;[38;5;112m[Appium]&amp#27;[0m Non-default server args:
&amp#27;[38;5;112m[Appium]&amp#27;[0m Non-default server args:
&amp#27;[38;5;112m[Appium]&amp#27;[0m Attempting to load driver uiautomator2...
&amp#27;[38;5;112m[Appium]&amp#27;[0m Attempting to load driver xcuitest...
&amp#27;[38;5;112m[Appium]&amp#27;[0m Attempting to load driver chromium...
&amp#27;[38;5;112m[Appium]&amp#27;[0m { address: &amp#27;[32m'127.0.0.1'&amp#27;[39m }
&amp#27;[38;5;112m[Appium]&amp#27;[0m { address: &amp#27;[32m'127.0.0.1'&amp#27;[39m }
&amp#27;[38;5;112m[Appium]&amp#27;[0m The autodetected Appium home path: C:\Users\promp\.appium
&amp#27;[38;5;112m[Appium]&amp#27;[0m The autodetected Appium home path: C:\Users\promp\.appium
&amp#27;[38;5;112m[Appium]&amp#27;[0m Attempting to load driver uiautomator2...
&amp#27;[38;5;112m[Appium]&amp#27;[0m Attempting to load driver uiautomator2...
&amp#27;[38;5;112m[Appium]&amp#27;[0m Attempting to load driver xcuitest...
&amp#27;[38;5;112m[Appium]&amp#27;[0m Requiring driver at C:\Users\promp\.appium\node_modules\appium-chromium-driver\index.js
&amp#27;[38;5;112m[Appium]&amp#27;[0m Attempting to load driver chromium...
&amp#27;[38;5;112m[Appium]&amp#27;[0m Attempting to load driver xcuitest...
&amp#27;[38;5;112m[Appium]&amp#27;[0m Attempting to load driver chromium...
&amp#27;[38;5;112m[Appium]&amp#27;[0m Requiring driver at C:\Users\promp\.appium\node_modules\appium-uiautomator2-driver\build\index.js
&amp#27;[38;5;112m[Appium]&amp#27;[0m Requiring driver at C:\Users\promp\.appium\node_modules\appium-uiautomator2-driver\build\index.js
&amp#27;[38;5;112m[Appium]&amp#27;[0m Requiring driver at C:\Users\promp\.appium\node_modules\appium-xcuitest-driver\build\index.js
&amp#27;[38;5;112m[Appium]&amp#27;[0m Requiring driver at C:\Users\promp\.appium\node_modules\appium-chromium-driver\index.js
&amp#27;[38;5;112m[Appium]&amp#27;[0m Requiring driver at C:\Users\promp\.appium\node_modules\appium-chromium-driver\index.js
&amp#27;[38;5;112m[Appium]&amp#27;[0m Requiring driver at C:\Users\promp\.appium\node_modules\appium-uiautomator2-driver\build\index.js
&amp#27;[38;5;112m[Appium]&amp#27;[0m Requiring driver at C:\Users\promp\.appium\node_modules\appium-xcuitest-driver\build\index.js
&amp#27;[38;5;112m[Appium]&amp#27;[0m Requiring driver at C:\Users\promp\.appium\node_modules\appium-xcuitest-driver\build\index.js
&amp#27;[38;5;112m[Appium]&amp#27;[0m AndroidUiautomator2Driver has been successfully loaded in 6.981s
&amp#27;[38;5;112m[Appium]&amp#27;[0m ChromiumDriver has been successfully loaded in 6.980s
&amp#27;[38;5;112m[Appium]&amp#27;[0m XCUITestDriver has been successfully loaded in 6.981s
&amp#27;[38;5;112m[Appium]&amp#27;[0m Attempting to load driver safari...
&amp#27;[38;5;112m[Appium]&amp#27;[0m Requiring driver at C:\Users\promp\.appium\node_modules\appium-safari-driver\build\index.js
&amp#27;[38;5;112m[Appium]&amp#27;[0m AndroidUiautomator2Driver has been successfully loaded in 6.995s
&amp#27;[38;5;112m[Appium]&amp#27;[0m ChromiumDriver has been successfully loaded in 6.994s
&amp#27;[38;5;112m[Appium]&amp#27;[0m XCUITestDriver has been successfully loaded in 6.996s
&amp#27;[38;5;112m[Appium]&amp#27;[0m Attempting to load driver safari...
&amp#27;[38;5;112m[Appium]&amp#27;[0m Requiring driver at C:\Users\promp\.appium\node_modules\appium-safari-driver\build\index.js
&amp#27;[38;5;112m[Appium]&amp#27;[0m SafariDriver has been successfully loaded in 0.639s
&amp#27;[38;5;112m[Appium]&amp#27;[0m SafariDriver has been successfully loaded in 0.654s
&amp#27;[38;5;86m[HTTP]&amp#27;[0m Could not start REST http interface listener. The requested port may already be in use. Please make sure there is no other instance of this server running already.
&amp#27;[38;5;112m[Appium]&amp#27;[0m Could not configure Appium server. It's possible that a driver or plugin tried to update the server and failed. Original error: listen EADDRINUSE: address already in use 127.0.0.1:4723
&amp#27;[38;5;112m[Appium]&amp#27;[0m Error: listen EADDRINUSE: address already in use 127.0.0.1:4723
    at Server.setupListenHandle [as _listen2] (node:net:1898:16)
    at listenInCluster (node:net:1946:12)
    at doListen (node:net:2116:7)
    at processTicksAndRejections (node:internal/process/task_queues:83:21)
&amp#27;[38;5;112m[Appium]&amp#27;[0m Appium REST http interface listener started on http://127.0.0.1:4723
&amp#27;[38;5;112m[Appium]&amp#27;[0m Available drivers:
&amp#27;[38;5;112m[Appium]&amp#27;[0m   - uiautomator2@3.8.0 (automationName 'UiAutomator2')
&amp#27;[38;5;112m[Appium]&amp#27;[0m   - xcuitest@7.27.0 (automationName 'XCUITest')
&amp#27;[38;5;112m[Appium]&amp#27;[0m   - chromium@1.4.4 (automationName 'Chromium')
&amp#27;[38;5;112m[Appium]&amp#27;[0m   - safari@3.5.18 (automationName 'Safari')
&amp#27;[38;5;112m[Appium]&amp#27;[0m Available plugins:
&amp#27;[38;5;112m[Appium]&amp#27;[0m   - images@3.0.19
&amp#27;[38;5;112m[Appium]&amp#27;[0m   - universal-xml@1.0.23
&amp#27;[38;5;112m[Appium]&amp#27;[0m   - element-wait@3.0.2
&amp#27;[38;5;112m[Appium]&amp#27;[0m No plugins activated. Use the --use-plugins flag with names of plugins to activate
&amp#27;[38;5;86m[HTTP]&amp#27;[0m &amp#27;[37m-->&amp#27;[39m &amp#27;[37mGET&amp#27;[39m &amp#27;[37m/status&amp#27;[39m &amp#27;[90m{}&amp#27;[39m
&amp#27;[38;5;63m[AppiumDriver@9077]&amp#27;[0m Calling AppiumDriver.getStatus() with args: []
&amp#27;[38;5;63m[AppiumDriver@9077]&amp#27;[0m Responding to client with driver.getStatus() result: {"ready":true,"message":"The server is ready to accept new connections","build":{"version":"2.12.1"}}
&amp#27;[38;5;86m[HTTP]&amp#27;[0m &amp#27;[37m<-- GET /status &amp#27;[39m&amp#27;[32m200&amp#27;[39m &amp#27;[90m13 ms - 111&amp#27;[39m &amp#27;[90m&amp#27;[39m
&amp#27;[38;5;86m[HTTP]&amp#27;[0m &amp#27;[37m-->&amp#27;[39m &amp#27;[37mGET&amp#27;[39m &amp#27;[37m/status&amp#27;[39m &amp#27;[90m{}&amp#27;[39m
&amp#27;[38;5;63m[AppiumDriver@9077]&amp#27;[0m Calling AppiumDriver.getStatus() with args: []
&amp#27;[38;5;63m[AppiumDriver@9077]&amp#27;[0m Responding to client with driver.getStatus() result: {"ready":true,"message":"The server is ready to accept new connections","build":{"version":"2.12.1"}}
&amp#27;[38;5;86m[HTTP]&amp#27;[0m &amp#27;[37m<-- GET /status &amp#27;[39m&amp#27;[32m200&amp#27;[39m &amp#27;[90m5 ms - 111&amp#27;[39m &amp#27;[90m&amp#27;[39m
Appium server started successfully
Appium server started successfully
&amp#27;[38;5;86m[HTTP]&amp#27;[0m &amp#27;[37m-->&amp#27;[39m &amp#27;[37mGET&amp#27;[39m &amp#27;[37m/status&amp#27;[39m &amp#27;[90m{}&amp#27;[39m
&amp#27;[38;5;63m[AppiumDriver@9077]&amp#27;[0m Calling AppiumDriver.getStatus() with args: []
&amp#27;[38;5;63m[AppiumDriver@9077]&amp#27;[0m Responding to client with driver.getStatus() result: {"ready":true,"message":"The server is ready to accept new connections","build":{"version":"2.12.1"}}
Appium server started successfully
&amp#27;[38;5;86m[HTTP]&amp#27;[0m &amp#27;[37m<-- GET /status &amp#27;[39m&amp#27;[32m200&amp#27;[39m &amp#27;[90m3 ms - 111&amp#27;[39m &amp#27;[90m&amp#27;[39m
&amp#27;[38;5;112m[Appium]&amp#27;[0m ChromiumDriver has been successfully loaded in 8.074s
&amp#27;[38;5;112m[Appium]&amp#27;[0m XCUITestDriver has been successfully loaded in 8.076s
&amp#27;[38;5;112m[Appium]&amp#27;[0m AndroidUiautomator2Driver has been successfully loaded in 8.079s
&amp#27;[38;5;112m[Appium]&amp#27;[0m Attempting to load driver safari...
&amp#27;[38;5;112m[Appium]&amp#27;[0m Requiring driver at C:\Users\promp\.appium\node_modules\appium-safari-driver\build\index.js
&amp#27;[38;5;112m[Appium]&amp#27;[0m SafariDriver has been successfully loaded in 0.484s
&amp#27;[38;5;86m[HTTP]&amp#27;[0m Could not start REST http interface listener. The requested port may already be in use. Please make sure there is no other instance of this server running already.
&amp#27;[38;5;112m[Appium]&amp#27;[0m Could not configure Appium server. It's possible that a driver or plugin tried to update the server and failed. Original error: listen EADDRINUSE: address already in use 127.0.0.1:4723
&amp#27;[38;5;112m[Appium]&amp#27;[0m Error: listen EADDRINUSE: address already in use 127.0.0.1:4723
    at Server.setupListenHandle [as _listen2] (node:net:1898:16)
    at listenInCluster (node:net:1946:12)
    at doListen (node:net:2116:7)
    at processTicksAndRejections (node:internal/process/task_queues:83:21)
Restarting app...
Restarting app...
Restarting app...
]]></system-out>
    <system-err><![CDATA[SLF4J(W): No SLF4J providers were found.
SLF4J(W): Defaulting to no-operation (NOP) logger implementation
SLF4J(W): See https://www.slf4j.org/codes.html#noProviders for further details.
]]></system-err>
  </testcase>
  <testcase name="GeneralStoretest[{name=Mounika, country=Denmark, gender=female}](1)" classname="com.pack.testsuite.GeneralStore" time="16.79">
    <system-out><![CDATA[Restarting app...
]]></system-out>
  </testcase>
  <testcase name="GeneralStoretest[{name=Mounika, country=Denmark, gender=female}](1)" classname="com.pack.testsuite.GeneralStore" time="9.407">
    <system-out><![CDATA[Restarting app...
]]></system-out>
  </testcase>
  <testcase name="GeneralStoretest[{name=Anand, country=Argentina, gender=male}](2)" classname="com.pack.testsuite.GeneralStore" time="12.198">
    <system-out><![CDATA[Restarting app...
]]></system-out>
  </testcase>
  <testcase name="GeneralStoretest[{name=Anand, country=Argentina, gender=male}](2)" classname="com.pack.testsuite.GeneralStore" time="1.795">
    <system-out><![CDATA[Restarting app...
]]></system-out>
  </testcase>
  <testcase name="GeneralStoretest[{name=Anand, country=Argentina, gender=male}](2)" classname="com.pack.testsuite.GeneralStore" time="11.982">
    <system-out><![CDATA[Restarting app...
]]></system-out>
  </testcase>
  <testcase name="GeneralStoretest[{name=Mounika, country=Denmark, gender=female}](3)" classname="com.pack.testsuite.GeneralStore" time="3.437">
    <system-out><![CDATA[Restarting app...
]]></system-out>
  </testcase>
  <testcase name="GeneralStoretest[{name=Mounika, country=Denmark, gender=female}](3)" classname="com.pack.testsuite.GeneralStore" time="12.272">
    <system-out><![CDATA[Driver quit successfully
]]></system-out>
  </testcase>
  <testcase name="GeneralStoretest[{name=Mounika, country=Denmark, gender=female}](3)" classname="com.pack.testsuite.GeneralStore" time="29.966">
    <system-out><![CDATA[Driver quit successfully
]]></system-out>
  </testcase>
</testsuite>