<?xml version="1.0" encoding="UTF-8"?>
<!-- Generated by org.testng.reporters.JUnitReportReporter -->
<testsuite hostname="Promptora27" failures="0" tests="1" name="appiumpackbasics.ScrollDemo1$LongPressDemo" time="10.627" errors="0" timestamp="2024-10-27T09:57:45 IST" skipped="0">
  <testcase classname="appiumpackbasics.ScrollDemo1$LongPressDemo" name="scrollTestDemo" time="10.627"/>
</testsuite> <!-- appiumpackbasics.ScrollDemo1$LongPressDemo -->
