<?xml version="1.0" encoding="UTF-8"?>
<!-- Generated by org.testng.reporters.JUnitReportReporter -->
<testsuite hostname="Promptora27" failures="0" tests="1" name="appiumpackbasics.DragAndDropDemo" time="4.579" errors="0" timestamp="2024-10-27T10:27:28 IST" skipped="0">
  <testcase classname="appiumpackbasics.DragAndDropDemo" name="DragAndDropDemoTest" time="4.579"/>
</testsuite> <!-- appiumpackbasics.DragAndDropDemo -->
