<?xml version="1.0" encoding="UTF-8"?>
<!-- Generated by org.testng.reporters.JUnitReportReporter -->
<testsuite hostname="Promptora27" failures="0" tests="2" name="com.pack.testsuite.HashMapTest" time="89.969" errors="0" timestamp="2024-11-16T22:37:18 IST" skipped="0">
  <testcase classname="com.pack.testsuite.HashMapTest" name="test" time="28.629"/>
  <system-out/>
  <testcase classname="com.pack.testsuite.HashMapTest" name="test" time="61.340"/>
  <system-out/>
</testsuite> <!-- com.pack.testsuite.HashMapTest -->
