<?xml version="1.0" encoding="UTF-8"?>
<!-- Generated by org.testng.reporters.JUnitReportReporter -->
<testsuite hostname="Promptora27" failures="0" tests="1" name="appiumpackbasics.StartActivity" time="18.818" errors="0" timestamp="2024-11-19T15:25:34 IST" skipped="0">
  <testcase classname="appiumpackbasics.StartActivity" name="startacttest" time="18.818"/>
  <system-out/>
</testsuite> <!-- appiumpackbasics.StartActivity -->
