<?xml version="1.0" encoding="UTF-8"?>
<!-- Generated by org.testng.reporters.JUnitReportReporter -->
<testsuite hostname="Promptora27" failures="0" tests="1" name="appiumpackbasics.APIDemos1" time="3.893" errors="0" timestamp="2024-10-20T11:17:46 IST" skipped="0">
  <testcase classname="appiumpackbasics.APIDemos1" name="KeyTest" time="3.893"/>
</testsuite> <!-- appiumpackbasics.APIDemos1 -->
