<?xml version="1.0" encoding="UTF-8"?>
<!-- Generated by org.testng.reporters.JUnitReportReporter -->
<testsuite hostname="Promptora27" failures="0" tests="1" name="appiumpackbasics.SwipeDemo" time="5.470" errors="0" timestamp="2024-10-27T10:20:55 IST" skipped="0">
  <testcase classname="appiumpackbasics.SwipeDemo" name="swipeTestDemo" time="5.470"/>
</testsuite> <!-- appiumpackbasics.SwipeDemo -->
