<?xml version="1.0" encoding="UTF-8"?>
<!-- Generated by org.testng.reporters.JUnitReportReporter -->
<testsuite hostname="Promptora27" failures="0" tests="1" name="appiumpackbasics.ScrollDemo" time="7.261" errors="0" timestamp="2024-10-21T10:28:32 IST" skipped="0">
  <testcase classname="appiumpackbasics.ScrollDemo" name="scrollTest" time="7.261"/>
</testsuite> <!-- appiumpackbasics.ScrollDemo -->
