<?xml version="1.0" encoding="UTF-8"?>
<!-- Generated by org.testng.reporters.JUnitReportReporter -->
<testsuite hostname="Promptora27" failures="0" tests="1" name="appiumpackbasics.BaseTestDriver" time="19.605" errors="0" timestamp="2024-10-20T10:49:19 IST" skipped="0">
  <testcase classname="appiumpackbasics.BaseTestDriver" name="startAppiumServer" time="19.605"/>
</testsuite> <!-- appiumpackbasics.BaseTestDriver -->
