<?xml version="1.0" encoding="UTF-8"?>
<!-- Generated by org.testng.reporters.JUnitReportReporter -->
<testsuite hostname="Promptora27" failures="0" tests="9" name="com.pack.testsuite.GeneralStore" time="347.087" errors="0" timestamp="2024-11-24T09:57:50 IST" skipped="0">
  <testcase classname="com.pack.testsuite.GeneralStore" name="GeneralStoretest" time="68.977"/>
  <system-out/>
  <testcase classname="com.pack.testsuite.GeneralStore" name="GeneralStoretest" time="32.431"/>
  <system-out/>
  <testcase classname="com.pack.testsuite.GeneralStore" name="GeneralStoretest" time="35.952"/>
  <system-out/>
  <testcase classname="com.pack.testsuite.GeneralStore" name="GeneralStoretest" time="19.818"/>
  <system-out/>
  <testcase classname="com.pack.testsuite.GeneralStore" name="GeneralStoretest" time="25.495"/>
  <system-out/>
  <testcase classname="com.pack.testsuite.GeneralStore" name="GeneralStoretest" time="51.664"/>
  <system-out/>
  <testcase classname="com.pack.testsuite.GeneralStore" name="GeneralStoretest" time="53.972"/>
  <system-out/>
  <testcase classname="com.pack.testsuite.GeneralStore" name="GeneralStoretest" time="22.947"/>
  <system-out/>
  <testcase classname="com.pack.testsuite.GeneralStore" name="GeneralStoretest" time="35.831"/>
  <system-out/>
</testsuite> <!-- com.pack.testsuite.GeneralStore -->
